<?xml version="1.0" encoding="UTF-8"?>
<!-- Generated by org.testng.reporters.JUnitReportReporter -->
<testsuite hostname="OGCS-WP20" failures="0" tests="1" name="hr.cube.qa.automatizacija.TestPage" time="21.040" errors="0" timestamp="22 Jan 2020 12:23:43 GMT" skipped="0">
  <testcase classname="hr.cube.qa.automatizacija.TestPage" name="Test" time="21.040"/>
</testsuite> <!-- hr.cube.qa.automatizacija.TestPage -->
